e:\github\kinect\ntuaf-recognize\ntuaf-recognize\x64\debug\ntuaf-recognize.pch
e:\github\kinect\ntuaf-recognize\ntuaf-recognize\x64\debug\vc140.pdb
e:\github\kinect\ntuaf-recognize\ntuaf-recognize\x64\debug\vc140.idb
e:\github\kinect\ntuaf-recognize\ntuaf-recognize\x64\debug\stdafx.obj
e:\github\kinect\ntuaf-recognize\ntuaf-recognize\x64\debug\ntuaf-recognize.obj
c:\ntuaf-recognize\ntuaf-recognize\x64\debug\ntuaf-recognize.pch
c:\ntuaf-recognize\ntuaf-recognize\x64\debug\vc140.pdb
c:\ntuaf-recognize\ntuaf-recognize\x64\debug\vc140.idb
c:\ntuaf-recognize\ntuaf-recognize\x64\debug\stdafx.obj
c:\ntuaf-recognize\ntuaf-recognize\x64\debug\ntuaf-recognize.obj
e:\github\kinect\ntuaf-recognize\x64\debug\ntuaf-recognize.ilk
e:\github\kinect\ntuaf-recognize\x64\debug\ntuaf-recognize.exe
e:\github\kinect\ntuaf-recognize\x64\debug\ntuaf-recognize.pdb
c:\ntuaf-recognize\x64\debug\ntuaf-recognize.ilk
c:\ntuaf-recognize\x64\debug\ntuaf-recognize.exe
c:\ntuaf-recognize\x64\debug\ntuaf-recognize.pdb
c:\ntuaf-recognize\ntuaf-recognize\x64\debug\ntuaf-recognize.tlog\cl.command.1.tlog
c:\ntuaf-recognize\ntuaf-recognize\x64\debug\ntuaf-recognize.tlog\cl.read.1.tlog
c:\ntuaf-recognize\ntuaf-recognize\x64\debug\ntuaf-recognize.tlog\cl.write.1.tlog
c:\ntuaf-recognize\ntuaf-recognize\x64\debug\ntuaf-recognize.tlog\link.command.1.tlog
c:\ntuaf-recognize\ntuaf-recognize\x64\debug\ntuaf-recognize.tlog\link.read.1.tlog
c:\ntuaf-recognize\ntuaf-recognize\x64\debug\ntuaf-recognize.tlog\link.write.1.tlog
